Apr 01, 2020 1:46:44 PM org.apache.catalina.startup.VersionLoggerListener log
INFO: Server version:        Apache Tomcat/7.0.85
Apr 01, 2020 1:46:44 PM org.apache.catalina.startup.VersionLoggerListener log
INFO: Server built:          Feb 7 2018 18:52:33 UTC
Apr 01, 2020 1:46:44 PM org.apache.catalina.startup.VersionLoggerListener log
INFO: Server number:         7.0.85.0
Apr 01, 2020 1:46:44 PM org.apache.catalina.startup.VersionLoggerListener log
INFO: OS Name:               Linux
Apr 01, 2020 1:46:44 PM org.apache.catalina.startup.VersionLoggerListener log
INFO: OS Version:            2.6.32-696.10.3.el6.x86_64
Apr 01, 2020 1:46:44 PM org.apache.catalina.startup.VersionLoggerListener log
INFO: Architecture:          amd64
Apr 01, 2020 1:46:44 PM org.apache.catalina.startup.VersionLoggerListener log
INFO: Java Home:             /app/jdk1.7.0_80/jre
Apr 01, 2020 1:46:44 PM org.apache.catalina.startup.VersionLoggerListener log
INFO: JVM Version:           1.7.0_80-b15
Apr 01, 2020 1:46:44 PM org.apache.catalina.startup.VersionLoggerListener log
INFO: JVM Vendor:            Oracle Corporation
Apr 01, 2020 1:46:44 PM org.apache.catalina.startup.VersionLoggerListener log
INFO: CATALINA_BASE:         /app/tomcat
Apr 01, 2020 1:46:44 PM org.apache.catalina.startup.VersionLoggerListener log
INFO: CATALINA_HOME:         /app/tomcat
Apr 01, 2020 1:46:44 PM org.apache.catalina.startup.VersionLoggerListener log
INFO: Command line argument: -Djava.util.logging.config.file=/app/tomcat/conf/logging.properties
Apr 01, 2020 1:46:44 PM org.apache.catalina.startup.VersionLoggerListener log
INFO: Command line argument: -Djava.util.logging.manager=org.apache.juli.ClassLoaderLogManager
Apr 01, 2020 1:46:44 PM org.apache.catalina.startup.VersionLoggerListener log
INFO: Command line argument: -Djdk.tls.ephemeralDHKeySize=2048
Apr 01, 2020 1:46:44 PM org.apache.catalina.startup.VersionLoggerListener log
INFO: Command line argument: -Dignore.endorsed.dirs=
Apr 01, 2020 1:46:44 PM org.apache.catalina.startup.VersionLoggerListener log
INFO: Command line argument: -Dcatalina.base=/app/tomcat
Apr 01, 2020 1:46:44 PM org.apache.catalina.startup.VersionLoggerListener log
INFO: Command line argument: -Dcatalina.home=/app/tomcat
Apr 01, 2020 1:46:44 PM org.apache.catalina.startup.VersionLoggerListener log
INFO: Command line argument: -Djava.io.tmpdir=/app/tomcat/temp
Apr 01, 2020 1:46:44 PM org.apache.catalina.core.AprLifecycleListener lifecycleEvent
INFO: The APR based Apache Tomcat Native library which allows optimal performance in production environments was not found on the java.library.path: /usr/java/packages/lib/amd64:/usr/lib64:/lib64:/lib:/usr/lib
Apr 01, 2020 1:46:45 PM org.apache.coyote.AbstractProtocol init
INFO: Initializing ProtocolHandler ["http-bio-80"]
Apr 01, 2020 1:46:45 PM org.apache.coyote.AbstractProtocol init
INFO: Initializing ProtocolHandler ["ajp-bio-8009"]
Apr 01, 2020 1:46:45 PM org.apache.catalina.startup.Catalina load
INFO: Initialization processed in 1332 ms
Apr 01, 2020 1:46:45 PM org.apache.catalina.core.StandardService startInternal
INFO: Starting service Catalina
Apr 01, 2020 1:46:45 PM org.apache.catalina.core.StandardEngine startInternal
INFO: Starting Servlet Engine: Apache Tomcat/7.0.85
Apr 01, 2020 1:46:45 PM org.apache.catalina.startup.HostConfig deployWAR
INFO: Deploying web application archive /app/tomcat/webapps/mobile.war
Apr 01, 2020 1:46:46 PM org.apache.catalina.loader.WebappClassLoaderBase validateJarFile
INFO: validateJarFile(/app/tomcat/webapps/mobile/WEB-INF/lib/servlet-api-2.5.jar) - jar not loaded. See Servlet Spec 3.0, section 10.7.2. Offending class: javax/servlet/Servlet.class
Apr 01, 2020 1:46:51 PM org.apache.catalina.startup.TldConfig execute
INFO: At least one JAR was scanned for TLDs yet contained no TLDs. Enable debug logging for this logger for a complete list of JARs that were scanned but no TLDs were found in them. Skipping unneeded JARs during scanning can improve startup time and JSP compilation time.
Apr 01, 2020 1:46:53 PM org.apache.cxf.service.factory.ReflectionServiceFactoryBean buildServiceFromClass
INFO: Creating Service {http://intf.service.base.mobile.dcb1.com/}ScheduleInfoService from class com.dcb1.mobile.base.service.intf.ScheduleInfo
Apr 01, 2020 1:46:53 PM org.apache.cxf.service.factory.ReflectionServiceFactoryBean buildServiceFromClass
INFO: Creating Service {http://intf.service.base.mobile.dcb1.com/}VesselScheduleInfoService from class com.dcb1.mobile.base.service.intf.VesselScheduleInfo
Apr 01, 2020 1:46:53 PM org.apache.cxf.service.factory.ReflectionServiceFactoryBean buildServiceFromClass
INFO: Creating Service {http://intf.service.base.mobile.dcb1.com/}CntrInfoService from class com.dcb1.mobile.base.service.intf.CntrInfo
Apr 01, 2020 1:46:53 PM org.apache.cxf.service.factory.ReflectionServiceFactoryBean buildServiceFromClass
INFO: Creating Service {http://intf.service.base.mobile.dcb1.com/}ConnectCntrInfoService from class com.dcb1.mobile.base.service.intf.ConnectCntrInfo
Apr 01, 2020 1:46:53 PM org.apache.cxf.service.factory.ReflectionServiceFactoryBean buildServiceFromClass
INFO: Creating Service {http://intf.service.base.mobile.dcb1.com/}RelInfoService from class com.dcb1.mobile.base.service.intf.RelInfo
Apr 01, 2020 1:46:53 PM org.apache.cxf.service.factory.ReflectionServiceFactoryBean buildServiceFromClass
INFO: Creating Service {http://intf.service.base.mobile.dcb1.com/}InspInfoService from class com.dcb1.mobile.base.service.intf.InspInfo
Apr 01, 2020 1:46:53 PM org.apache.cxf.service.factory.ReflectionServiceFactoryBean buildServiceFromClass
INFO: Creating Service {http://intf.service.base.mobile.dcb1.com/}EIRInfoService from class com.dcb1.mobile.base.service.intf.EIRInfo
Apr 01, 2020 1:46:53 PM org.apache.cxf.service.factory.ReflectionServiceFactoryBean buildServiceFromClass
INFO: Creating Service {http://intf.service.base.mobile.dcb1.com/}CMSInfoService from class com.dcb1.mobile.base.service.intf.CMSInfo
Apr 01, 2020 1:46:53 PM org.apache.cxf.service.factory.ReflectionServiceFactoryBean buildServiceFromClass
INFO: Creating Service {http://intf.service.base.mobile.dcb1.com/}TruckGetEmptyCntrInfoService from class com.dcb1.mobile.base.service.intf.TruckGetEmptyCntrInfo
Apr 01, 2020 1:46:54 PM org.apache.catalina.startup.HostConfig deployWAR
INFO: Deployment of web application archive /app/tomcat/webapps/mobile.war has finished in 8,812 ms
Apr 01, 2020 1:46:54 PM org.apache.catalina.startup.HostConfig deployDirectory
INFO: Deploying web application directory /app/tomcat/webapps/.well-known
Apr 01, 2020 1:46:54 PM org.apache.catalina.startup.HostConfig deployDirectory
INFO: Deployment of web application directory /app/tomcat/webapps/.well-known has finished in 38 ms
Apr 01, 2020 1:46:54 PM org.apache.coyote.AbstractProtocol start
INFO: Starting ProtocolHandler ["http-bio-80"]
Apr 01, 2020 1:46:54 PM org.apache.coyote.AbstractProtocol start
INFO: Starting ProtocolHandler ["ajp-bio-8009"]
Apr 01, 2020 1:46:54 PM org.apache.catalina.startup.Catalina start
INFO: Server startup in 8967 ms
Apr 01, 2020 3:25:14 PM org.apache.catalina.startup.VersionLoggerListener log
INFO: Server version:        Apache Tomcat/7.0.85
Apr 01, 2020 3:25:14 PM org.apache.catalina.startup.VersionLoggerListener log
INFO: Server built:          Feb 7 2018 18:52:33 UTC
Apr 01, 2020 3:25:14 PM org.apache.catalina.startup.VersionLoggerListener log
INFO: Server number:         7.0.85.0
Apr 01, 2020 3:25:14 PM org.apache.catalina.startup.VersionLoggerListener log
INFO: OS Name:               Linux
Apr 01, 2020 3:25:14 PM org.apache.catalina.startup.VersionLoggerListener log
INFO: OS Version:            2.6.32-696.10.3.el6.x86_64
Apr 01, 2020 3:25:14 PM org.apache.catalina.startup.VersionLoggerListener log
INFO: Architecture:          amd64
Apr 01, 2020 3:25:14 PM org.apache.catalina.startup.VersionLoggerListener log
INFO: Java Home:             /app/jdk1.7.0_80/jre
Apr 01, 2020 3:25:14 PM org.apache.catalina.startup.VersionLoggerListener log
INFO: JVM Version:           1.7.0_80-b15
Apr 01, 2020 3:25:14 PM org.apache.catalina.startup.VersionLoggerListener log
INFO: JVM Vendor:            Oracle Corporation
Apr 01, 2020 3:25:14 PM org.apache.catalina.startup.VersionLoggerListener log
INFO: CATALINA_BASE:         /app/tomcat
Apr 01, 2020 3:25:14 PM org.apache.catalina.startup.VersionLoggerListener log
INFO: CATALINA_HOME:         /app/tomcat
Apr 01, 2020 3:25:14 PM org.apache.catalina.startup.VersionLoggerListener log
INFO: Command line argument: -Djava.util.logging.config.file=/app/tomcat/conf/logging.properties
Apr 01, 2020 3:25:14 PM org.apache.catalina.startup.VersionLoggerListener log
INFO: Command line argument: -Djava.util.logging.manager=org.apache.juli.ClassLoaderLogManager
Apr 01, 2020 3:25:14 PM org.apache.catalina.startup.VersionLoggerListener log
INFO: Command line argument: -Djdk.tls.ephemeralDHKeySize=2048
Apr 01, 2020 3:25:14 PM org.apache.catalina.startup.VersionLoggerListener log
INFO: Command line argument: -Dignore.endorsed.dirs=
Apr 01, 2020 3:25:14 PM org.apache.catalina.startup.VersionLoggerListener log
INFO: Command line argument: -Dcatalina.base=/app/tomcat
Apr 01, 2020 3:25:14 PM org.apache.catalina.startup.VersionLoggerListener log
INFO: Command line argument: -Dcatalina.home=/app/tomcat
Apr 01, 2020 3:25:14 PM org.apache.catalina.startup.VersionLoggerListener log
INFO: Command line argument: -Djava.io.tmpdir=/app/tomcat/temp
Apr 01, 2020 3:25:14 PM org.apache.catalina.core.AprLifecycleListener lifecycleEvent
INFO: The APR based Apache Tomcat Native library which allows optimal performance in production environments was not found on the java.library.path: /usr/java/packages/lib/amd64:/usr/lib64:/lib64:/lib:/usr/lib
Apr 01, 2020 3:25:14 PM org.apache.coyote.AbstractProtocol init
INFO: Initializing ProtocolHandler ["http-bio-8080"]
Apr 01, 2020 3:25:14 PM org.apache.coyote.AbstractProtocol init
INFO: Initializing ProtocolHandler ["ajp-bio-8009"]
Apr 01, 2020 3:25:14 PM org.apache.catalina.startup.Catalina load
INFO: Initialization processed in 779 ms
Apr 01, 2020 3:25:14 PM org.apache.catalina.core.StandardService startInternal
INFO: Starting service Catalina
Apr 01, 2020 3:25:14 PM org.apache.catalina.core.StandardEngine startInternal
INFO: Starting Servlet Engine: Apache Tomcat/7.0.85
Apr 01, 2020 3:25:14 PM org.apache.catalina.startup.HostConfig deployWAR
INFO: Deploying web application archive /app/tomcat/webapps/mobile.war
Apr 01, 2020 3:25:14 PM org.apache.catalina.loader.WebappClassLoaderBase validateJarFile
INFO: validateJarFile(/app/tomcat/webapps/mobile/WEB-INF/lib/servlet-api-2.5.jar) - jar not loaded. See Servlet Spec 3.0, section 10.7.2. Offending class: javax/servlet/Servlet.class
Apr 01, 2020 3:25:18 PM org.apache.catalina.startup.TldConfig execute
INFO: At least one JAR was scanned for TLDs yet contained no TLDs. Enable debug logging for this logger for a complete list of JARs that were scanned but no TLDs were found in them. Skipping unneeded JARs during scanning can improve startup time and JSP compilation time.
Apr 01, 2020 3:25:20 PM org.apache.cxf.service.factory.ReflectionServiceFactoryBean buildServiceFromClass
INFO: Creating Service {http://intf.service.base.mobile.dcb1.com/}ScheduleInfoService from class com.dcb1.mobile.base.service.intf.ScheduleInfo
Apr 01, 2020 3:25:20 PM org.apache.cxf.service.factory.ReflectionServiceFactoryBean buildServiceFromClass
INFO: Creating Service {http://intf.service.base.mobile.dcb1.com/}VesselScheduleInfoService from class com.dcb1.mobile.base.service.intf.VesselScheduleInfo
Apr 01, 2020 3:25:20 PM org.apache.cxf.service.factory.ReflectionServiceFactoryBean buildServiceFromClass
INFO: Creating Service {http://intf.service.base.mobile.dcb1.com/}CntrInfoService from class com.dcb1.mobile.base.service.intf.CntrInfo
Apr 01, 2020 3:25:20 PM org.apache.cxf.service.factory.ReflectionServiceFactoryBean buildServiceFromClass
INFO: Creating Service {http://intf.service.base.mobile.dcb1.com/}ConnectCntrInfoService from class com.dcb1.mobile.base.service.intf.ConnectCntrInfo
Apr 01, 2020 3:25:20 PM org.apache.cxf.service.factory.ReflectionServiceFactoryBean buildServiceFromClass
INFO: Creating Service {http://intf.service.base.mobile.dcb1.com/}RelInfoService from class com.dcb1.mobile.base.service.intf.RelInfo
Apr 01, 2020 3:25:20 PM org.apache.cxf.service.factory.ReflectionServiceFactoryBean buildServiceFromClass
INFO: Creating Service {http://intf.service.base.mobile.dcb1.com/}InspInfoService from class com.dcb1.mobile.base.service.intf.InspInfo
Apr 01, 2020 3:25:20 PM org.apache.cxf.service.factory.ReflectionServiceFactoryBean buildServiceFromClass
INFO: Creating Service {http://intf.service.base.mobile.dcb1.com/}EIRInfoService from class com.dcb1.mobile.base.service.intf.EIRInfo
Apr 01, 2020 3:25:20 PM org.apache.cxf.service.factory.ReflectionServiceFactoryBean buildServiceFromClass
INFO: Creating Service {http://intf.service.base.mobile.dcb1.com/}CMSInfoService from class com.dcb1.mobile.base.service.intf.CMSInfo
Apr 01, 2020 3:25:20 PM org.apache.cxf.service.factory.ReflectionServiceFactoryBean buildServiceFromClass
INFO: Creating Service {http://intf.service.base.mobile.dcb1.com/}TruckGetEmptyCntrInfoService from class com.dcb1.mobile.base.service.intf.TruckGetEmptyCntrInfo
Apr 01, 2020 3:25:49 PM org.apache.catalina.util.SessionIdGeneratorBase createSecureRandom
WARNING: Creation of SecureRandom instance for session ID generation using [SHA1PRNG] took [28,238] milliseconds.
Apr 01, 2020 3:25:49 PM org.apache.catalina.startup.HostConfig deployWAR
INFO: Deployment of web application archive /app/tomcat/webapps/mobile.war has finished in 34,550 ms
Apr 01, 2020 3:25:49 PM org.apache.catalina.startup.HostConfig deployDirectory
INFO: Deploying web application directory /app/tomcat/webapps/.well-known
Apr 01, 2020 3:25:49 PM org.apache.catalina.startup.HostConfig deployDirectory
INFO: Deployment of web application directory /app/tomcat/webapps/.well-known has finished in 73 ms
Apr 01, 2020 3:25:49 PM org.apache.coyote.AbstractProtocol start
INFO: Starting ProtocolHandler ["http-bio-8080"]
Apr 01, 2020 3:25:49 PM org.apache.coyote.AbstractProtocol start
INFO: Starting ProtocolHandler ["ajp-bio-8009"]
Apr 01, 2020 3:25:49 PM org.apache.catalina.startup.Catalina start
INFO: Server startup in 34749 ms
